2021-03-31 15:58:00,272 [Worker-3: Loading available Gradle versions] INFO  o.e.b.c.i.u.g.PublishedGradleVersions - Gradle version information cache is up-to-date. Trying to read.
2021-03-31 15:59:37,797 [Worker-9: Importing Maven projects] INFO  o.e.m.c.i.l.LifecycleMappingFactory - Using org.eclipse.m2e.jdt.JarLifecycleMapping lifecycle mapping for MavenProject: org.insa.graphs:be-graphes-gui:0.0.1-SNAPSHOT @ /home/alaverdo/Bureau/alaverdo/be-graphes-gui/pom.xml.
2021-03-31 15:59:37,897 [Worker-9: Importing Maven projects] INFO  o.e.m.c.i.p.WorkspaceClassifierResolverManager - Resolving P/be-graphes-model: org.insa.graphs:be-graphes-model:0.0.1-SNAPSHOT with classifier  to /be-graphes-model/target/classes
2021-03-31 15:59:37,897 [Worker-9: Importing Maven projects] INFO  o.e.m.c.i.p.WorkspaceClassifierResolverManager - Resolving P/be-graphes-algos: org.insa.graphs:be-graphes-algos:0.0.1-SNAPSHOT with classifier  to /be-graphes-algos/target/classes
2021-03-31 15:59:37,989 [Worker-9: Importing Maven projects] INFO  o.e.m.c.i.l.LifecycleMappingFactory - Using org.eclipse.m2e.jdt.JarLifecycleMapping lifecycle mapping for MavenProject: org.insa.graphs:be-graphes-model:0.0.1-SNAPSHOT @ /home/alaverdo/Bureau/alaverdo/be-graphes-model/pom.xml.
2021-03-31 15:59:38,056 [Worker-9: Importing Maven projects] INFO  o.e.m.c.i.l.LifecycleMappingFactory - Using org.eclipse.m2e.jdt.JarLifecycleMapping lifecycle mapping for MavenProject: org.insa.graphs:be-graphes-algos:0.0.1-SNAPSHOT @ /home/alaverdo/Bureau/alaverdo/be-graphes-algos/pom.xml.
2021-03-31 15:59:38,057 [Worker-9: Importing Maven projects] INFO  o.e.m.c.i.p.WorkspaceClassifierResolverManager - Resolving P/be-graphes-model: org.insa.graphs:be-graphes-model:0.0.1-SNAPSHOT with classifier  to /be-graphes-model/target/classes
2021-03-31 15:59:38,123 [Worker-9: Importing Maven projects] INFO  o.e.m.c.i.l.LifecycleMappingFactory - Using org.eclipse.m2e.jdt.JarLifecycleMapping lifecycle mapping for MavenProject: org.insa.graphs:be-graphes-gui:0.0.1-SNAPSHOT @ /home/alaverdo/Bureau/alaverdo/be-graphes-gui/pom.xml.
2021-03-31 15:59:38,125 [Worker-9: Importing Maven projects] INFO  o.e.m.c.i.p.WorkspaceClassifierResolverManager - Resolving P/be-graphes-model: org.insa.graphs:be-graphes-model:0.0.1-SNAPSHOT with classifier  to /be-graphes-model/target/classes
2021-03-31 15:59:38,125 [Worker-9: Importing Maven projects] INFO  o.e.m.c.i.p.WorkspaceClassifierResolverManager - Resolving P/be-graphes-algos: org.insa.graphs:be-graphes-algos:0.0.1-SNAPSHOT with classifier  to /be-graphes-algos/target/classes
2021-03-31 15:59:38,926 [Worker-9: Importing Maven projects] INFO  o.e.m.j.i.AbstractJavaProjectConfigurator - Adding source folder /be-graphes-model/src/main/java
2021-03-31 15:59:38,935 [Worker-9: Importing Maven projects] INFO  o.e.m.j.i.AbstractJavaProjectConfigurator - Adding source folder /be-graphes-model/src/test/java
2021-03-31 15:59:39,181 [Worker-9: Importing Maven projects] INFO  o.e.m.j.i.AbstractJavaProjectConfigurator - Adding source folder /be-graphes-algos/src/main/java
2021-03-31 15:59:39,190 [Worker-9: Importing Maven projects] INFO  o.e.m.j.i.AbstractJavaProjectConfigurator - Adding source folder /be-graphes-algos/src/test/java
2021-03-31 15:59:39,446 [Worker-9: Importing Maven projects] INFO  o.e.m.j.i.AbstractJavaProjectConfigurator - Adding source folder /be-graphes-gui/src/main/java
2021-03-31 15:59:39,446 [Worker-9: Importing Maven projects] INFO  o.e.m.j.i.AbstractJavaProjectConfigurator - Adding resource folder /be-graphes-gui/src/main/resources
2021-03-31 15:59:39,454 [Worker-9: Importing Maven projects] INFO  o.e.m.j.i.AbstractJavaProjectConfigurator - Adding source folder /be-graphes-gui/src/test/java
2021-03-31 15:59:39,600 [Worker-9: Importing Maven projects] INFO  o.e.m.c.i.p.ProjectConfigurationManager - Imported and configured 3 project(s) in 5 sec
2021-03-31 15:59:41,251 [Worker-9: Building] INFO  o.e.m.c.i.embedder.EclipseLogger - Using 'UTF-8' encoding to copy filtered resources.
2021-03-31 15:59:41,251 [Worker-9: Building] INFO  o.e.m.c.i.embedder.EclipseLogger - skip non existing resourceDirectory /home/alaverdo/Bureau/alaverdo/be-graphes-model/src/main/resources
2021-03-31 15:59:41,255 [Worker-9: Building] INFO  o.e.m.c.i.embedder.EclipseLogger - Using 'UTF-8' encoding to copy filtered resources.
2021-03-31 15:59:41,258 [Worker-9: Building] INFO  o.e.m.c.i.embedder.EclipseLogger - skip non existing resourceDirectory /home/alaverdo/Bureau/alaverdo/be-graphes-model/src/test/resources
2021-03-31 15:59:41,686 [Worker-9: Building] INFO  o.e.m.c.i.p.WorkspaceClassifierResolverManager - Resolving P/be-graphes-model: org.insa.graphs:be-graphes-model:0.0.1-SNAPSHOT with classifier  to /be-graphes-model/target/classes
2021-03-31 15:59:41,693 [Worker-9: Building] INFO  o.e.m.c.i.embedder.EclipseLogger - Using 'UTF-8' encoding to copy filtered resources.
2021-03-31 15:59:41,694 [Worker-9: Building] INFO  o.e.m.c.i.embedder.EclipseLogger - skip non existing resourceDirectory /home/alaverdo/Bureau/alaverdo/be-graphes-algos/src/main/resources
2021-03-31 15:59:41,695 [Worker-9: Building] INFO  o.e.m.c.i.embedder.EclipseLogger - Using 'UTF-8' encoding to copy filtered resources.
2021-03-31 15:59:41,695 [Worker-9: Building] INFO  o.e.m.c.i.embedder.EclipseLogger - skip non existing resourceDirectory /home/alaverdo/Bureau/alaverdo/be-graphes-algos/src/test/resources
2021-03-31 15:59:42,383 [Worker-9: Building] INFO  o.e.m.c.i.p.WorkspaceClassifierResolverManager - Resolving P/be-graphes-model: org.insa.graphs:be-graphes-model:0.0.1-SNAPSHOT with classifier  to /be-graphes-model/target/classes
2021-03-31 15:59:42,384 [Worker-9: Building] INFO  o.e.m.c.i.p.WorkspaceClassifierResolverManager - Resolving P/be-graphes-algos: org.insa.graphs:be-graphes-algos:0.0.1-SNAPSHOT with classifier  to /be-graphes-algos/target/classes
2021-03-31 15:59:42,415 [Worker-9: Building] INFO  o.e.m.c.i.embedder.EclipseLogger - Using 'UTF-8' encoding to copy filtered resources.
2021-03-31 15:59:42,418 [Worker-9: Building] INFO  o.e.m.c.i.embedder.EclipseLogger - Copying 5 resources
2021-03-31 15:59:42,443 [Worker-9: Building] INFO  o.e.m.c.i.embedder.EclipseLogger - Using 'UTF-8' encoding to copy filtered resources.
2021-03-31 15:59:42,444 [Worker-9: Building] INFO  o.e.m.c.i.embedder.EclipseLogger - skip non existing resourceDirectory /home/alaverdo/Bureau/alaverdo/be-graphes-gui/src/test/resources
2021-03-31 16:01:11,510 [Worker-10: Launching MainWindow] INFO  o.e.m.c.i.p.WorkspaceClassifierResolverManager - Resolving P/be-graphes-model: org.insa.graphs:be-graphes-model:0.0.1-SNAPSHOT with classifier null to /be-graphes-model/target/classes
2021-03-31 16:01:11,511 [Worker-10: Launching MainWindow] INFO  o.e.m.c.i.p.WorkspaceClassifierResolverManager - Resolving P/be-graphes-algos: org.insa.graphs:be-graphes-algos:0.0.1-SNAPSHOT with classifier null to /be-graphes-algos/target/classes
2021-03-31 16:01:11,534 [Worker-10: Launching MainWindow] INFO  o.e.m.c.i.p.WorkspaceClassifierResolverManager - Resolving P/be-graphes-model: org.insa.graphs:be-graphes-model:0.0.1-SNAPSHOT with classifier null to /be-graphes-model/target/classes
2021-03-31 16:01:11,535 [Worker-10: Launching MainWindow] INFO  o.e.m.c.i.p.WorkspaceClassifierResolverManager - Resolving P/be-graphes-algos: org.insa.graphs:be-graphes-algos:0.0.1-SNAPSHOT with classifier null to /be-graphes-algos/target/classes
2021-03-31 16:01:11,557 [Worker-10: Launching MainWindow] INFO  o.e.m.c.i.p.WorkspaceClassifierResolverManager - Resolving P/be-graphes-model: org.insa.graphs:be-graphes-model:0.0.1-SNAPSHOT with classifier null to /be-graphes-model/target/classes
2021-03-31 16:01:11,557 [Worker-10: Launching MainWindow] INFO  o.e.m.c.i.p.WorkspaceClassifierResolverManager - Resolving P/be-graphes-algos: org.insa.graphs:be-graphes-algos:0.0.1-SNAPSHOT with classifier null to /be-graphes-algos/target/classes
2021-03-31 16:02:18,240 [Worker-10: Building] INFO  o.e.m.c.i.embedder.EclipseLogger - Using 'UTF-8' encoding to copy filtered resources.
2021-03-31 16:02:18,246 [Worker-10: Building] INFO  o.e.m.c.i.embedder.EclipseLogger - Copying 0 resource
2021-03-31 16:02:18,248 [Worker-10: Building] INFO  o.e.m.c.i.embedder.EclipseLogger - Using 'UTF-8' encoding to copy filtered resources.
2021-03-31 16:02:18,253 [Worker-10: Building] INFO  o.e.m.c.i.embedder.EclipseLogger - skip non existing resourceDirectory /home/alaverdo/Bureau/alaverdo/be-graphes-gui/src/test/resources
2021-03-31 16:02:30,364 [Worker-1: Building] INFO  o.e.m.c.i.embedder.EclipseLogger - Using 'UTF-8' encoding to copy filtered resources.
2021-03-31 16:02:30,365 [Worker-1: Building] INFO  o.e.m.c.i.embedder.EclipseLogger - skip non existing resourceDirectory /home/alaverdo/Bureau/alaverdo/be-graphes-model/src/main/resources
2021-03-31 16:02:30,368 [Worker-1: Building] INFO  o.e.m.c.i.embedder.EclipseLogger - Using 'UTF-8' encoding to copy filtered resources.
2021-03-31 16:02:30,369 [Worker-1: Building] INFO  o.e.m.c.i.embedder.EclipseLogger - skip non existing resourceDirectory /home/alaverdo/Bureau/alaverdo/be-graphes-model/src/test/resources
2021-03-31 16:02:30,374 [Worker-1: Building] INFO  o.e.m.c.i.embedder.EclipseLogger - Using 'UTF-8' encoding to copy filtered resources.
2021-03-31 16:02:30,375 [Worker-1: Building] INFO  o.e.m.c.i.embedder.EclipseLogger - skip non existing resourceDirectory /home/alaverdo/Bureau/alaverdo/be-graphes-algos/src/main/resources
2021-03-31 16:02:30,376 [Worker-1: Building] INFO  o.e.m.c.i.embedder.EclipseLogger - Using 'UTF-8' encoding to copy filtered resources.
2021-03-31 16:02:30,376 [Worker-1: Building] INFO  o.e.m.c.i.embedder.EclipseLogger - skip non existing resourceDirectory /home/alaverdo/Bureau/alaverdo/be-graphes-algos/src/test/resources
2021-03-31 16:02:30,380 [Worker-1: Building] INFO  o.e.m.c.i.embedder.EclipseLogger - Using 'UTF-8' encoding to copy filtered resources.
2021-03-31 16:02:30,380 [Worker-1: Building] INFO  o.e.m.c.i.embedder.EclipseLogger - Copying 0 resource
2021-03-31 16:02:30,381 [Worker-1: Building] INFO  o.e.m.c.i.embedder.EclipseLogger - Using 'UTF-8' encoding to copy filtered resources.
2021-03-31 16:02:30,381 [Worker-1: Building] INFO  o.e.m.c.i.embedder.EclipseLogger - skip non existing resourceDirectory /home/alaverdo/Bureau/alaverdo/be-graphes-gui/src/test/resources
2021-03-31 16:02:43,667 [Worker-7: Building] INFO  o.e.m.c.i.embedder.EclipseLogger - Using 'UTF-8' encoding to copy filtered resources.
2021-03-31 16:02:43,667 [Worker-7: Building] INFO  o.e.m.c.i.embedder.EclipseLogger - skip non existing resourceDirectory /home/alaverdo/Bureau/alaverdo/be-graphes-algos/src/main/resources
2021-03-31 16:02:43,671 [Worker-7: Building] INFO  o.e.m.c.i.embedder.EclipseLogger - Using 'UTF-8' encoding to copy filtered resources.
2021-03-31 16:02:43,673 [Worker-7: Building] INFO  o.e.m.c.i.embedder.EclipseLogger - skip non existing resourceDirectory /home/alaverdo/Bureau/alaverdo/be-graphes-algos/src/test/resources
2021-03-31 16:03:03,228 [Worker-3: Building] INFO  o.e.m.c.i.embedder.EclipseLogger - Using 'UTF-8' encoding to copy filtered resources.
2021-03-31 16:03:03,228 [Worker-3: Building] INFO  o.e.m.c.i.embedder.EclipseLogger - Copying 0 resource
2021-03-31 16:03:03,230 [Worker-3: Building] INFO  o.e.m.c.i.embedder.EclipseLogger - Using 'UTF-8' encoding to copy filtered resources.
2021-03-31 16:03:03,230 [Worker-3: Building] INFO  o.e.m.c.i.embedder.EclipseLogger - skip non existing resourceDirectory /home/alaverdo/Bureau/alaverdo/be-graphes-gui/src/test/resources
2021-03-31 16:03:24,739 [Worker-1: Building] INFO  o.e.m.c.i.embedder.EclipseLogger - Using 'UTF-8' encoding to copy filtered resources.
2021-03-31 16:03:24,740 [Worker-1: Building] INFO  o.e.m.c.i.embedder.EclipseLogger - skip non existing resourceDirectory /home/alaverdo/Bureau/alaverdo/be-graphes-algos/src/main/resources
2021-03-31 16:03:24,742 [Worker-1: Building] INFO  o.e.m.c.i.embedder.EclipseLogger - Using 'UTF-8' encoding to copy filtered resources.
2021-03-31 16:03:24,742 [Worker-1: Building] INFO  o.e.m.c.i.embedder.EclipseLogger - skip non existing resourceDirectory /home/alaverdo/Bureau/alaverdo/be-graphes-algos/src/test/resources
2021-03-31 16:03:34,999 [Worker-3: Building] INFO  o.e.m.c.i.embedder.EclipseLogger - Using 'UTF-8' encoding to copy filtered resources.
2021-03-31 16:03:35,002 [Worker-3: Building] INFO  o.e.m.c.i.embedder.EclipseLogger - Copying 0 resource
2021-03-31 16:03:35,011 [Worker-3: Building] INFO  o.e.m.c.i.embedder.EclipseLogger - Using 'UTF-8' encoding to copy filtered resources.
2021-03-31 16:03:35,022 [Worker-3: Building] INFO  o.e.m.c.i.embedder.EclipseLogger - skip non existing resourceDirectory /home/alaverdo/Bureau/alaverdo/be-graphes-gui/src/test/resources
2021-03-31 16:05:03,446 [Worker-10: Building] INFO  o.e.m.c.i.embedder.EclipseLogger - Using 'UTF-8' encoding to copy filtered resources.
2021-03-31 16:05:03,447 [Worker-10: Building] INFO  o.e.m.c.i.embedder.EclipseLogger - skip non existing resourceDirectory /home/alaverdo/Bureau/alaverdo/be-graphes-model/src/main/resources
2021-03-31 16:05:03,448 [Worker-10: Building] INFO  o.e.m.c.i.embedder.EclipseLogger - Using 'UTF-8' encoding to copy filtered resources.
2021-03-31 16:05:03,449 [Worker-10: Building] INFO  o.e.m.c.i.embedder.EclipseLogger - skip non existing resourceDirectory /home/alaverdo/Bureau/alaverdo/be-graphes-model/src/test/resources
2021-03-31 16:35:53,706 [Worker-2: Building] INFO  o.e.m.c.i.embedder.EclipseLogger - Using 'UTF-8' encoding to copy filtered resources.
2021-03-31 16:35:53,707 [Worker-2: Building] INFO  o.e.m.c.i.embedder.EclipseLogger - skip non existing resourceDirectory /home/alaverdo/Bureau/alaverdo/be-graphes-model/src/main/resources
2021-03-31 16:35:53,709 [Worker-2: Building] INFO  o.e.m.c.i.embedder.EclipseLogger - Using 'UTF-8' encoding to copy filtered resources.
2021-03-31 16:35:53,710 [Worker-2: Building] INFO  o.e.m.c.i.embedder.EclipseLogger - skip non existing resourceDirectory /home/alaverdo/Bureau/alaverdo/be-graphes-model/src/test/resources
2021-03-31 17:14:28,829 [Worker-19: Building] INFO  o.e.m.c.i.embedder.EclipseLogger - Using 'UTF-8' encoding to copy filtered resources.
2021-03-31 17:14:28,830 [Worker-19: Building] INFO  o.e.m.c.i.embedder.EclipseLogger - skip non existing resourceDirectory /home/alaverdo/Bureau/alaverdo/be-graphes-model/src/main/resources
2021-03-31 17:14:28,833 [Worker-19: Building] INFO  o.e.m.c.i.embedder.EclipseLogger - Using 'UTF-8' encoding to copy filtered resources.
2021-03-31 17:14:28,835 [Worker-19: Building] INFO  o.e.m.c.i.embedder.EclipseLogger - skip non existing resourceDirectory /home/alaverdo/Bureau/alaverdo/be-graphes-model/src/test/resources
2021-03-31 17:15:18,652 [Worker-19: Building] INFO  o.e.m.c.i.embedder.EclipseLogger - Using 'UTF-8' encoding to copy filtered resources.
2021-03-31 17:15:18,652 [Worker-19: Building] INFO  o.e.m.c.i.embedder.EclipseLogger - skip non existing resourceDirectory /home/alaverdo/Bureau/alaverdo/be-graphes-model/src/main/resources
2021-03-31 17:15:18,654 [Worker-19: Building] INFO  o.e.m.c.i.embedder.EclipseLogger - Using 'UTF-8' encoding to copy filtered resources.
2021-03-31 17:15:18,655 [Worker-19: Building] INFO  o.e.m.c.i.embedder.EclipseLogger - skip non existing resourceDirectory /home/alaverdo/Bureau/alaverdo/be-graphes-model/src/test/resources
2021-03-31 17:36:15,698 [Worker-23: Building] INFO  o.e.m.c.i.embedder.EclipseLogger - Using 'UTF-8' encoding to copy filtered resources.
2021-03-31 17:36:15,699 [Worker-23: Building] INFO  o.e.m.c.i.embedder.EclipseLogger - skip non existing resourceDirectory /home/alaverdo/Bureau/alaverdo/be-graphes-model/src/main/resources
2021-03-31 17:36:15,701 [Worker-23: Building] INFO  o.e.m.c.i.embedder.EclipseLogger - Using 'UTF-8' encoding to copy filtered resources.
2021-03-31 17:36:15,703 [Worker-23: Building] INFO  o.e.m.c.i.embedder.EclipseLogger - skip non existing resourceDirectory /home/alaverdo/Bureau/alaverdo/be-graphes-model/src/test/resources
2021-03-31 17:38:06,824 [Worker-15: Building] INFO  o.e.m.c.i.embedder.EclipseLogger - Using 'UTF-8' encoding to copy filtered resources.
2021-03-31 17:38:06,825 [Worker-15: Building] INFO  o.e.m.c.i.embedder.EclipseLogger - skip non existing resourceDirectory /home/alaverdo/Bureau/alaverdo/be-graphes-model/src/main/resources
2021-03-31 17:38:06,828 [Worker-15: Building] INFO  o.e.m.c.i.embedder.EclipseLogger - Using 'UTF-8' encoding to copy filtered resources.
2021-03-31 17:38:06,829 [Worker-15: Building] INFO  o.e.m.c.i.embedder.EclipseLogger - skip non existing resourceDirectory /home/alaverdo/Bureau/alaverdo/be-graphes-model/src/test/resources
2021-03-31 17:42:07,573 [Worker-25: Building] INFO  o.e.m.c.i.embedder.EclipseLogger - Using 'UTF-8' encoding to copy filtered resources.
2021-03-31 17:42:07,576 [Worker-25: Building] INFO  o.e.m.c.i.embedder.EclipseLogger - skip non existing resourceDirectory /home/alaverdo/Bureau/alaverdo/be-graphes-model/src/main/resources
2021-03-31 17:42:07,581 [Worker-25: Building] INFO  o.e.m.c.i.embedder.EclipseLogger - Using 'UTF-8' encoding to copy filtered resources.
2021-03-31 17:42:07,585 [Worker-25: Building] INFO  o.e.m.c.i.embedder.EclipseLogger - skip non existing resourceDirectory /home/alaverdo/Bureau/alaverdo/be-graphes-model/src/test/resources
2021-03-31 17:42:31,970 [Worker-24: Building] INFO  o.e.m.c.i.embedder.EclipseLogger - Using 'UTF-8' encoding to copy filtered resources.
2021-03-31 17:42:31,970 [Worker-24: Building] INFO  o.e.m.c.i.embedder.EclipseLogger - skip non existing resourceDirectory /home/alaverdo/Bureau/alaverdo/be-graphes-model/src/main/resources
2021-03-31 17:42:31,974 [Worker-24: Building] INFO  o.e.m.c.i.embedder.EclipseLogger - Using 'UTF-8' encoding to copy filtered resources.
2021-03-31 17:42:31,978 [Worker-24: Building] INFO  o.e.m.c.i.embedder.EclipseLogger - skip non existing resourceDirectory /home/alaverdo/Bureau/alaverdo/be-graphes-model/src/test/resources
2021-03-31 18:07:21,872 [Worker-31: Launching MainWindow] INFO  o.e.m.c.i.p.WorkspaceClassifierResolverManager - Resolving P/be-graphes-model: org.insa.graphs:be-graphes-model:0.0.1-SNAPSHOT with classifier null to /be-graphes-model/target/classes
2021-03-31 18:07:21,873 [Worker-31: Launching MainWindow] INFO  o.e.m.c.i.p.WorkspaceClassifierResolverManager - Resolving P/be-graphes-algos: org.insa.graphs:be-graphes-algos:0.0.1-SNAPSHOT with classifier null to /be-graphes-algos/target/classes
2021-03-31 18:07:21,891 [Worker-31: Launching MainWindow] INFO  o.e.m.c.i.p.WorkspaceClassifierResolverManager - Resolving P/be-graphes-model: org.insa.graphs:be-graphes-model:0.0.1-SNAPSHOT with classifier null to /be-graphes-model/target/classes
2021-03-31 18:07:21,892 [Worker-31: Launching MainWindow] INFO  o.e.m.c.i.p.WorkspaceClassifierResolverManager - Resolving P/be-graphes-algos: org.insa.graphs:be-graphes-algos:0.0.1-SNAPSHOT with classifier null to /be-graphes-algos/target/classes
2021-03-31 18:07:21,910 [Worker-31: Launching MainWindow] INFO  o.e.m.c.i.p.WorkspaceClassifierResolverManager - Resolving P/be-graphes-model: org.insa.graphs:be-graphes-model:0.0.1-SNAPSHOT with classifier null to /be-graphes-model/target/classes
2021-03-31 18:07:21,911 [Worker-31: Launching MainWindow] INFO  o.e.m.c.i.p.WorkspaceClassifierResolverManager - Resolving P/be-graphes-algos: org.insa.graphs:be-graphes-algos:0.0.1-SNAPSHOT with classifier null to /be-graphes-algos/target/classes
2021-04-07 15:37:06,177 [Worker-0: Loading available Gradle versions] INFO  o.e.b.c.i.u.g.PublishedGradleVersions - Gradle version information cache is out-of-date. Trying to update.
2021-04-07 15:48:55,598 [Worker-8: Launching java (1)] INFO  o.e.m.c.i.p.WorkspaceClassifierResolverManager - Resolving P/be-graphes-model: org.insa.graphs:be-graphes-model:0.0.1-SNAPSHOT with classifier  to /be-graphes-model/target/classes
2021-04-07 15:48:55,615 [Worker-8: Launching java (1)] INFO  o.e.m.c.i.p.WorkspaceClassifierResolverManager - Resolving P/be-graphes-model: org.insa.graphs:be-graphes-model:0.0.1-SNAPSHOT with classifier null to /be-graphes-model/target/classes
2021-04-07 15:48:55,659 [Worker-8: Launching java (1)] INFO  o.e.m.c.i.p.WorkspaceClassifierResolverManager - Resolving P/be-graphes-model: org.insa.graphs:be-graphes-model:0.0.1-SNAPSHOT with classifier null to /be-graphes-model/target/classes
2021-04-07 16:20:52,545 [Worker-15: Building] INFO  o.e.m.c.i.embedder.EclipseLogger - Using 'UTF-8' encoding to copy filtered resources.
2021-04-07 16:20:52,561 [Worker-15: Building] INFO  o.e.m.c.i.embedder.EclipseLogger - skip non existing resourceDirectory /home/alaverdo/Bureau/alaverdo/be-graphes-algos/src/main/resources
2021-04-07 16:20:52,564 [Worker-15: Building] INFO  o.e.m.c.i.embedder.EclipseLogger - Using 'UTF-8' encoding to copy filtered resources.
2021-04-07 16:20:52,582 [Worker-15: Building] INFO  o.e.m.c.i.embedder.EclipseLogger - skip non existing resourceDirectory /home/alaverdo/Bureau/alaverdo/be-graphes-algos/src/test/resources
2021-04-07 16:20:58,974 [Worker-13: Launching java (1)] INFO  o.e.m.c.i.p.WorkspaceClassifierResolverManager - Resolving P/be-graphes-model: org.insa.graphs:be-graphes-model:0.0.1-SNAPSHOT with classifier null to /be-graphes-model/target/classes
2021-04-07 16:20:59,151 [Worker-13: Launching java (1)] INFO  o.e.m.c.i.p.WorkspaceClassifierResolverManager - Resolving P/be-graphes-model: org.insa.graphs:be-graphes-model:0.0.1-SNAPSHOT with classifier null to /be-graphes-model/target/classes
2021-04-07 16:23:07,005 [Worker-15: Building] INFO  o.e.m.c.i.embedder.EclipseLogger - Using 'UTF-8' encoding to copy filtered resources.
2021-04-07 16:23:07,005 [Worker-15: Building] INFO  o.e.m.c.i.embedder.EclipseLogger - skip non existing resourceDirectory /home/alaverdo/Bureau/alaverdo/be-graphes-algos/src/main/resources
2021-04-07 16:23:07,006 [Worker-15: Building] INFO  o.e.m.c.i.embedder.EclipseLogger - Using 'UTF-8' encoding to copy filtered resources.
2021-04-07 16:23:07,007 [Worker-15: Building] INFO  o.e.m.c.i.embedder.EclipseLogger - skip non existing resourceDirectory /home/alaverdo/Bureau/alaverdo/be-graphes-algos/src/test/resources
2021-04-07 16:23:32,172 [Worker-15: Launching java (1)] INFO  o.e.m.c.i.p.WorkspaceClassifierResolverManager - Resolving P/be-graphes-model: org.insa.graphs:be-graphes-model:0.0.1-SNAPSHOT with classifier null to /be-graphes-model/target/classes
2021-04-07 16:23:32,221 [Worker-15: Launching java (1)] INFO  o.e.m.c.i.p.WorkspaceClassifierResolverManager - Resolving P/be-graphes-model: org.insa.graphs:be-graphes-model:0.0.1-SNAPSHOT with classifier null to /be-graphes-model/target/classes
2021-04-07 16:29:22,980 [Worker-18: Building] INFO  o.e.m.c.i.embedder.EclipseLogger - Using 'UTF-8' encoding to copy filtered resources.
2021-04-07 16:29:22,980 [Worker-18: Building] INFO  o.e.m.c.i.embedder.EclipseLogger - skip non existing resourceDirectory /home/alaverdo/Bureau/alaverdo/be-graphes-algos/src/main/resources
2021-04-07 16:29:22,981 [Worker-18: Building] INFO  o.e.m.c.i.embedder.EclipseLogger - Using 'UTF-8' encoding to copy filtered resources.
2021-04-07 16:29:22,982 [Worker-18: Building] INFO  o.e.m.c.i.embedder.EclipseLogger - skip non existing resourceDirectory /home/alaverdo/Bureau/alaverdo/be-graphes-algos/src/test/resources
2021-04-07 16:29:35,106 [Worker-13: Launching java (1)] INFO  o.e.m.c.i.p.WorkspaceClassifierResolverManager - Resolving P/be-graphes-model: org.insa.graphs:be-graphes-model:0.0.1-SNAPSHOT with classifier null to /be-graphes-model/target/classes
2021-04-07 16:29:35,151 [Worker-13: Launching java (1)] INFO  o.e.m.c.i.p.WorkspaceClassifierResolverManager - Resolving P/be-graphes-model: org.insa.graphs:be-graphes-model:0.0.1-SNAPSHOT with classifier null to /be-graphes-model/target/classes
2021-04-07 16:29:56,177 [Worker-8: Building] INFO  o.e.m.c.i.embedder.EclipseLogger - Using 'UTF-8' encoding to copy filtered resources.
2021-04-07 16:29:56,177 [Worker-8: Building] INFO  o.e.m.c.i.embedder.EclipseLogger - skip non existing resourceDirectory /home/alaverdo/Bureau/alaverdo/be-graphes-algos/src/main/resources
2021-04-07 16:29:56,179 [Worker-8: Building] INFO  o.e.m.c.i.embedder.EclipseLogger - Using 'UTF-8' encoding to copy filtered resources.
2021-04-07 16:29:56,180 [Worker-8: Building] INFO  o.e.m.c.i.embedder.EclipseLogger - skip non existing resourceDirectory /home/alaverdo/Bureau/alaverdo/be-graphes-algos/src/test/resources
2021-04-07 16:30:00,803 [Worker-8: Launching java (1)] INFO  o.e.m.c.i.p.WorkspaceClassifierResolverManager - Resolving P/be-graphes-model: org.insa.graphs:be-graphes-model:0.0.1-SNAPSHOT with classifier null to /be-graphes-model/target/classes
2021-04-07 16:30:00,814 [Worker-8: Launching java (1)] INFO  o.e.m.c.i.p.WorkspaceClassifierResolverManager - Resolving P/be-graphes-model: org.insa.graphs:be-graphes-model:0.0.1-SNAPSHOT with classifier null to /be-graphes-model/target/classes
2021-04-07 16:30:17,540 [Worker-15: Building] INFO  o.e.m.c.i.embedder.EclipseLogger - Using 'UTF-8' encoding to copy filtered resources.
2021-04-07 16:30:17,540 [Worker-15: Building] INFO  o.e.m.c.i.embedder.EclipseLogger - skip non existing resourceDirectory /home/alaverdo/Bureau/alaverdo/be-graphes-algos/src/main/resources
2021-04-07 16:30:17,542 [Worker-15: Building] INFO  o.e.m.c.i.embedder.EclipseLogger - Using 'UTF-8' encoding to copy filtered resources.
2021-04-07 16:30:17,542 [Worker-15: Building] INFO  o.e.m.c.i.embedder.EclipseLogger - skip non existing resourceDirectory /home/alaverdo/Bureau/alaverdo/be-graphes-algos/src/test/resources
2021-04-07 16:30:26,513 [Worker-8: Launching java (1)] INFO  o.e.m.c.i.p.WorkspaceClassifierResolverManager - Resolving P/be-graphes-model: org.insa.graphs:be-graphes-model:0.0.1-SNAPSHOT with classifier null to /be-graphes-model/target/classes
2021-04-07 16:30:26,540 [Worker-8: Launching java (1)] INFO  o.e.m.c.i.p.WorkspaceClassifierResolverManager - Resolving P/be-graphes-model: org.insa.graphs:be-graphes-model:0.0.1-SNAPSHOT with classifier null to /be-graphes-model/target/classes
2021-04-07 16:31:19,164 [Worker-18: Building] INFO  o.e.m.c.i.embedder.EclipseLogger - Using 'UTF-8' encoding to copy filtered resources.
2021-04-07 16:31:19,164 [Worker-18: Building] INFO  o.e.m.c.i.embedder.EclipseLogger - skip non existing resourceDirectory /home/alaverdo/Bureau/alaverdo/be-graphes-algos/src/main/resources
2021-04-07 16:31:19,165 [Worker-18: Building] INFO  o.e.m.c.i.embedder.EclipseLogger - Using 'UTF-8' encoding to copy filtered resources.
2021-04-07 16:31:19,166 [Worker-18: Building] INFO  o.e.m.c.i.embedder.EclipseLogger - skip non existing resourceDirectory /home/alaverdo/Bureau/alaverdo/be-graphes-algos/src/test/resources
2021-04-07 16:31:26,404 [Worker-15: Launching java (1)] INFO  o.e.m.c.i.p.WorkspaceClassifierResolverManager - Resolving P/be-graphes-model: org.insa.graphs:be-graphes-model:0.0.1-SNAPSHOT with classifier null to /be-graphes-model/target/classes
2021-04-07 16:31:26,440 [Worker-15: Launching java (1)] INFO  o.e.m.c.i.p.WorkspaceClassifierResolverManager - Resolving P/be-graphes-model: org.insa.graphs:be-graphes-model:0.0.1-SNAPSHOT with classifier null to /be-graphes-model/target/classes
2021-04-07 16:32:47,216 [Worker-13: Building] INFO  o.e.m.c.i.embedder.EclipseLogger - Using 'UTF-8' encoding to copy filtered resources.
2021-04-07 16:32:47,217 [Worker-13: Building] INFO  o.e.m.c.i.embedder.EclipseLogger - skip non existing resourceDirectory /home/alaverdo/Bureau/alaverdo/be-graphes-algos/src/main/resources
2021-04-07 16:32:47,218 [Worker-13: Building] INFO  o.e.m.c.i.embedder.EclipseLogger - Using 'UTF-8' encoding to copy filtered resources.
2021-04-07 16:32:47,218 [Worker-13: Building] INFO  o.e.m.c.i.embedder.EclipseLogger - skip non existing resourceDirectory /home/alaverdo/Bureau/alaverdo/be-graphes-algos/src/test/resources
2021-04-07 16:32:50,351 [Worker-8: Launching java (1)] INFO  o.e.m.c.i.p.WorkspaceClassifierResolverManager - Resolving P/be-graphes-model: org.insa.graphs:be-graphes-model:0.0.1-SNAPSHOT with classifier null to /be-graphes-model/target/classes
2021-04-07 16:32:50,404 [Worker-8: Launching java (1)] INFO  o.e.m.c.i.p.WorkspaceClassifierResolverManager - Resolving P/be-graphes-model: org.insa.graphs:be-graphes-model:0.0.1-SNAPSHOT with classifier null to /be-graphes-model/target/classes
2021-04-07 16:33:12,087 [Worker-18: Building] INFO  o.e.m.c.i.embedder.EclipseLogger - Using 'UTF-8' encoding to copy filtered resources.
2021-04-07 16:33:12,087 [Worker-18: Building] INFO  o.e.m.c.i.embedder.EclipseLogger - skip non existing resourceDirectory /home/alaverdo/Bureau/alaverdo/be-graphes-algos/src/main/resources
2021-04-07 16:33:12,090 [Worker-18: Building] INFO  o.e.m.c.i.embedder.EclipseLogger - Using 'UTF-8' encoding to copy filtered resources.
2021-04-07 16:33:12,091 [Worker-18: Building] INFO  o.e.m.c.i.embedder.EclipseLogger - skip non existing resourceDirectory /home/alaverdo/Bureau/alaverdo/be-graphes-algos/src/test/resources
2021-04-07 16:33:15,557 [Worker-8: Launching java (1)] INFO  o.e.m.c.i.p.WorkspaceClassifierResolverManager - Resolving P/be-graphes-model: org.insa.graphs:be-graphes-model:0.0.1-SNAPSHOT with classifier null to /be-graphes-model/target/classes
2021-04-07 16:33:15,568 [Worker-8: Launching java (1)] INFO  o.e.m.c.i.p.WorkspaceClassifierResolverManager - Resolving P/be-graphes-model: org.insa.graphs:be-graphes-model:0.0.1-SNAPSHOT with classifier null to /be-graphes-model/target/classes
2021-04-07 16:39:03,608 [Worker-21: Launching MainWindow] INFO  o.e.m.c.i.p.WorkspaceClassifierResolverManager - Resolving P/be-graphes-model: org.insa.graphs:be-graphes-model:0.0.1-SNAPSHOT with classifier  to /be-graphes-model/target/classes
2021-04-07 16:39:03,609 [Worker-21: Launching MainWindow] INFO  o.e.m.c.i.p.WorkspaceClassifierResolverManager - Resolving P/be-graphes-algos: org.insa.graphs:be-graphes-algos:0.0.1-SNAPSHOT with classifier  to /be-graphes-algos/target/classes
2021-04-07 16:39:03,697 [Worker-21: Launching MainWindow] INFO  o.e.m.c.i.p.WorkspaceClassifierResolverManager - Resolving P/be-graphes-model: org.insa.graphs:be-graphes-model:0.0.1-SNAPSHOT with classifier null to /be-graphes-model/target/classes
2021-04-07 16:39:03,698 [Worker-21: Launching MainWindow] INFO  o.e.m.c.i.p.WorkspaceClassifierResolverManager - Resolving P/be-graphes-algos: org.insa.graphs:be-graphes-algos:0.0.1-SNAPSHOT with classifier null to /be-graphes-algos/target/classes
2021-04-07 16:39:03,721 [Worker-21: Launching MainWindow] INFO  o.e.m.c.i.p.WorkspaceClassifierResolverManager - Resolving P/be-graphes-model: org.insa.graphs:be-graphes-model:0.0.1-SNAPSHOT with classifier null to /be-graphes-model/target/classes
2021-04-07 16:39:03,721 [Worker-21: Launching MainWindow] INFO  o.e.m.c.i.p.WorkspaceClassifierResolverManager - Resolving P/be-graphes-algos: org.insa.graphs:be-graphes-algos:0.0.1-SNAPSHOT with classifier null to /be-graphes-algos/target/classes
2021-04-07 16:39:03,738 [Worker-21: Launching MainWindow] INFO  o.e.m.c.i.p.WorkspaceClassifierResolverManager - Resolving P/be-graphes-model: org.insa.graphs:be-graphes-model:0.0.1-SNAPSHOT with classifier null to /be-graphes-model/target/classes
2021-04-07 16:39:03,738 [Worker-21: Launching MainWindow] INFO  o.e.m.c.i.p.WorkspaceClassifierResolverManager - Resolving P/be-graphes-algos: org.insa.graphs:be-graphes-algos:0.0.1-SNAPSHOT with classifier null to /be-graphes-algos/target/classes
2021-04-07 16:44:52,890 [Worker-20: Launching MainWindow] INFO  o.e.m.c.i.p.WorkspaceClassifierResolverManager - Resolving P/be-graphes-model: org.insa.graphs:be-graphes-model:0.0.1-SNAPSHOT with classifier null to /be-graphes-model/target/classes
2021-04-07 16:44:52,890 [Worker-20: Launching MainWindow] INFO  o.e.m.c.i.p.WorkspaceClassifierResolverManager - Resolving P/be-graphes-algos: org.insa.graphs:be-graphes-algos:0.0.1-SNAPSHOT with classifier null to /be-graphes-algos/target/classes
2021-04-07 16:44:52,906 [Worker-20: Launching MainWindow] INFO  o.e.m.c.i.p.WorkspaceClassifierResolverManager - Resolving P/be-graphes-model: org.insa.graphs:be-graphes-model:0.0.1-SNAPSHOT with classifier null to /be-graphes-model/target/classes
2021-04-07 16:44:52,906 [Worker-20: Launching MainWindow] INFO  o.e.m.c.i.p.WorkspaceClassifierResolverManager - Resolving P/be-graphes-algos: org.insa.graphs:be-graphes-algos:0.0.1-SNAPSHOT with classifier null to /be-graphes-algos/target/classes
2021-04-07 16:44:52,924 [Worker-20: Launching MainWindow] INFO  o.e.m.c.i.p.WorkspaceClassifierResolverManager - Resolving P/be-graphes-model: org.insa.graphs:be-graphes-model:0.0.1-SNAPSHOT with classifier null to /be-graphes-model/target/classes
2021-04-07 16:44:52,924 [Worker-20: Launching MainWindow] INFO  o.e.m.c.i.p.WorkspaceClassifierResolverManager - Resolving P/be-graphes-algos: org.insa.graphs:be-graphes-algos:0.0.1-SNAPSHOT with classifier null to /be-graphes-algos/target/classes
2021-04-07 17:14:48,144 [Worker-22: Building] INFO  o.e.m.c.i.embedder.EclipseLogger - Using 'UTF-8' encoding to copy filtered resources.
2021-04-07 17:14:48,150 [Worker-22: Building] INFO  o.e.m.c.i.embedder.EclipseLogger - skip non existing resourceDirectory /home/alaverdo/Bureau/alaverdo/be-graphes-model/src/main/resources
2021-04-07 17:14:48,152 [Worker-22: Building] INFO  o.e.m.c.i.embedder.EclipseLogger - Using 'UTF-8' encoding to copy filtered resources.
2021-04-07 17:14:48,156 [Worker-22: Building] INFO  o.e.m.c.i.embedder.EclipseLogger - skip non existing resourceDirectory /home/alaverdo/Bureau/alaverdo/be-graphes-model/src/test/resources
2021-04-07 17:27:06,606 [Worker-26: Building] INFO  o.e.m.c.i.embedder.EclipseLogger - Using 'UTF-8' encoding to copy filtered resources.
2021-04-07 17:27:06,607 [Worker-26: Building] INFO  o.e.m.c.i.embedder.EclipseLogger - skip non existing resourceDirectory /home/alaverdo/Bureau/alaverdo/be-graphes-model/src/main/resources
2021-04-07 17:27:06,609 [Worker-26: Building] INFO  o.e.m.c.i.embedder.EclipseLogger - Using 'UTF-8' encoding to copy filtered resources.
2021-04-07 17:27:06,610 [Worker-26: Building] INFO  o.e.m.c.i.embedder.EclipseLogger - skip non existing resourceDirectory /home/alaverdo/Bureau/alaverdo/be-graphes-model/src/test/resources
2021-04-07 17:44:04,855 [Worker-28: Building] INFO  o.e.m.c.i.embedder.EclipseLogger - Using 'UTF-8' encoding to copy filtered resources.
2021-04-07 17:44:04,856 [Worker-28: Building] INFO  o.e.m.c.i.embedder.EclipseLogger - skip non existing resourceDirectory /home/alaverdo/Bureau/alaverdo/be-graphes-algos/src/main/resources
2021-04-07 17:44:04,858 [Worker-28: Building] INFO  o.e.m.c.i.embedder.EclipseLogger - Using 'UTF-8' encoding to copy filtered resources.
2021-04-07 17:44:04,859 [Worker-28: Building] INFO  o.e.m.c.i.embedder.EclipseLogger - skip non existing resourceDirectory /home/alaverdo/Bureau/alaverdo/be-graphes-algos/src/test/resources
2021-05-17 15:17:01,594 [Worker-4: Loading available Gradle versions] INFO  o.e.b.c.i.u.g.PublishedGradleVersions - Gradle version information cache is up-to-date. Trying to read.
2021-05-17 15:17:45,957 [Worker-196: Launching MainWindow] INFO  o.e.m.c.i.p.WorkspaceClassifierResolverManager - Resolving P/be-graphes-model: org.insa.graphs:be-graphes-model:0.0.1-SNAPSHOT with classifier  to /be-graphes-model/target/classes
2021-05-17 15:17:45,961 [Worker-196: Launching MainWindow] INFO  o.e.m.c.i.p.WorkspaceClassifierResolverManager - Resolving P/be-graphes-algos: org.insa.graphs:be-graphes-algos:0.0.1-SNAPSHOT with classifier  to /be-graphes-algos/target/classes
2021-05-17 15:17:46,082 [Worker-196: Launching MainWindow] INFO  o.e.m.c.i.p.WorkspaceClassifierResolverManager - Resolving P/be-graphes-model: org.insa.graphs:be-graphes-model:0.0.1-SNAPSHOT with classifier null to /be-graphes-model/target/classes
2021-05-17 15:17:46,084 [Worker-196: Launching MainWindow] INFO  o.e.m.c.i.p.WorkspaceClassifierResolverManager - Resolving P/be-graphes-algos: org.insa.graphs:be-graphes-algos:0.0.1-SNAPSHOT with classifier null to /be-graphes-algos/target/classes
2021-05-17 15:17:46,170 [Worker-196: Launching MainWindow] INFO  o.e.m.c.i.p.WorkspaceClassifierResolverManager - Resolving P/be-graphes-model: org.insa.graphs:be-graphes-model:0.0.1-SNAPSHOT with classifier null to /be-graphes-model/target/classes
2021-05-17 15:17:46,170 [Worker-196: Launching MainWindow] INFO  o.e.m.c.i.p.WorkspaceClassifierResolverManager - Resolving P/be-graphes-algos: org.insa.graphs:be-graphes-algos:0.0.1-SNAPSHOT with classifier null to /be-graphes-algos/target/classes
2021-05-17 15:17:46,223 [Worker-196: Launching MainWindow] INFO  o.e.m.c.i.p.WorkspaceClassifierResolverManager - Resolving P/be-graphes-model: org.insa.graphs:be-graphes-model:0.0.1-SNAPSHOT with classifier null to /be-graphes-model/target/classes
2021-05-17 15:17:46,223 [Worker-196: Launching MainWindow] INFO  o.e.m.c.i.p.WorkspaceClassifierResolverManager - Resolving P/be-graphes-algos: org.insa.graphs:be-graphes-algos:0.0.1-SNAPSHOT with classifier null to /be-graphes-algos/target/classes
2021-05-17 15:34:30,363 [Worker-181: Launching MainWindow] INFO  o.e.m.c.i.p.WorkspaceClassifierResolverManager - Resolving P/be-graphes-model: org.insa.graphs:be-graphes-model:0.0.1-SNAPSHOT with classifier null to /be-graphes-model/target/classes
2021-05-17 15:34:30,367 [Worker-181: Launching MainWindow] INFO  o.e.m.c.i.p.WorkspaceClassifierResolverManager - Resolving P/be-graphes-algos: org.insa.graphs:be-graphes-algos:0.0.1-SNAPSHOT with classifier null to /be-graphes-algos/target/classes
2021-05-17 15:34:30,398 [Worker-181: Launching MainWindow] INFO  o.e.m.c.i.p.WorkspaceClassifierResolverManager - Resolving P/be-graphes-model: org.insa.graphs:be-graphes-model:0.0.1-SNAPSHOT with classifier null to /be-graphes-model/target/classes
2021-05-17 15:34:30,398 [Worker-181: Launching MainWindow] INFO  o.e.m.c.i.p.WorkspaceClassifierResolverManager - Resolving P/be-graphes-algos: org.insa.graphs:be-graphes-algos:0.0.1-SNAPSHOT with classifier null to /be-graphes-algos/target/classes
2021-05-17 15:34:30,426 [Worker-181: Launching MainWindow] INFO  o.e.m.c.i.p.WorkspaceClassifierResolverManager - Resolving P/be-graphes-model: org.insa.graphs:be-graphes-model:0.0.1-SNAPSHOT with classifier null to /be-graphes-model/target/classes
2021-05-17 15:34:30,426 [Worker-181: Launching MainWindow] INFO  o.e.m.c.i.p.WorkspaceClassifierResolverManager - Resolving P/be-graphes-algos: org.insa.graphs:be-graphes-algos:0.0.1-SNAPSHOT with classifier null to /be-graphes-algos/target/classes
2021-05-25 18:20:32,064 [Worker-4: Loading available Gradle versions] INFO  o.e.b.c.i.u.g.PublishedGradleVersions - Gradle version information cache is out-of-date. Trying to update.
2021-05-25 18:47:23,337 [Worker-5: Launching BinaryHeapTest] INFO  o.e.m.c.i.embedder.EclipseLogger - Using 'UTF-8' encoding to copy filtered resources.
2021-05-25 18:47:23,341 [Worker-5: Launching BinaryHeapTest] INFO  o.e.m.c.i.embedder.EclipseLogger - skip non existing resourceDirectory /home/alaverdo/Bureau/alaverdo/be-graphes-model/src/main/resources
2021-05-25 18:47:23,344 [Worker-5: Launching BinaryHeapTest] INFO  o.e.m.c.i.embedder.EclipseLogger - Using 'UTF-8' encoding to copy filtered resources.
2021-05-25 18:47:23,344 [Worker-5: Launching BinaryHeapTest] INFO  o.e.m.c.i.embedder.EclipseLogger - skip non existing resourceDirectory /home/alaverdo/Bureau/alaverdo/be-graphes-model/src/test/resources
2021-05-25 18:47:23,416 [Worker-5: Launching BinaryHeapTest] INFO  o.e.m.c.i.p.WorkspaceClassifierResolverManager - Resolving P/be-graphes-model: org.insa.graphs:be-graphes-model:0.0.1-SNAPSHOT with classifier  to /be-graphes-model/target/classes
2021-05-25 18:47:23,426 [Worker-5: Launching BinaryHeapTest] INFO  o.e.m.c.i.p.WorkspaceClassifierResolverManager - Resolving P/be-graphes-model: org.insa.graphs:be-graphes-model:0.0.1-SNAPSHOT with classifier null to /be-graphes-model/target/classes
2021-05-25 18:47:23,464 [Worker-5: Launching BinaryHeapTest] INFO  o.e.m.c.i.p.WorkspaceClassifierResolverManager - Resolving P/be-graphes-model: org.insa.graphs:be-graphes-model:0.0.1-SNAPSHOT with classifier null to /be-graphes-model/target/classes
2021-05-25 18:47:35,586 [Worker-27: Launching BinarySearchTreeTest] INFO  o.e.m.c.i.p.WorkspaceClassifierResolverManager - Resolving P/be-graphes-model: org.insa.graphs:be-graphes-model:0.0.1-SNAPSHOT with classifier null to /be-graphes-model/target/classes
2021-05-25 18:47:35,614 [Worker-27: Launching BinarySearchTreeTest] INFO  o.e.m.c.i.p.WorkspaceClassifierResolverManager - Resolving P/be-graphes-model: org.insa.graphs:be-graphes-model:0.0.1-SNAPSHOT with classifier null to /be-graphes-model/target/classes
2021-05-25 18:59:58,005 [Worker-29: Building] INFO  o.e.m.c.i.embedder.EclipseLogger - Using 'UTF-8' encoding to copy filtered resources.
2021-05-25 18:59:58,006 [Worker-29: Building] INFO  o.e.m.c.i.embedder.EclipseLogger - skip non existing resourceDirectory /home/alaverdo/Bureau/alaverdo/be-graphes-model/src/main/resources
2021-05-25 18:59:58,007 [Worker-29: Building] INFO  o.e.m.c.i.embedder.EclipseLogger - Using 'UTF-8' encoding to copy filtered resources.
2021-05-25 18:59:58,007 [Worker-29: Building] INFO  o.e.m.c.i.embedder.EclipseLogger - skip non existing resourceDirectory /home/alaverdo/Bureau/alaverdo/be-graphes-model/src/test/resources
2021-05-25 19:06:32,393 [Worker-30: Building] INFO  o.e.m.c.i.embedder.EclipseLogger - Using 'UTF-8' encoding to copy filtered resources.
2021-05-25 19:06:32,394 [Worker-30: Building] INFO  o.e.m.c.i.embedder.EclipseLogger - skip non existing resourceDirectory /home/alaverdo/Bureau/alaverdo/be-graphes-algos/src/main/resources
2021-05-25 19:06:32,397 [Worker-30: Building] INFO  o.e.m.c.i.embedder.EclipseLogger - Using 'UTF-8' encoding to copy filtered resources.
2021-05-25 19:06:32,398 [Worker-30: Building] INFO  o.e.m.c.i.embedder.EclipseLogger - skip non existing resourceDirectory /home/alaverdo/Bureau/alaverdo/be-graphes-algos/src/test/resources
2021-05-25 19:06:41,879 [Worker-23: Building] INFO  o.e.m.c.i.embedder.EclipseLogger - Using 'UTF-8' encoding to copy filtered resources.
2021-05-25 19:06:41,879 [Worker-23: Building] INFO  o.e.m.c.i.embedder.EclipseLogger - skip non existing resourceDirectory /home/alaverdo/Bureau/alaverdo/be-graphes-algos/src/main/resources
2021-05-25 19:06:41,881 [Worker-23: Building] INFO  o.e.m.c.i.embedder.EclipseLogger - Using 'UTF-8' encoding to copy filtered resources.
2021-05-25 19:06:41,882 [Worker-23: Building] INFO  o.e.m.c.i.embedder.EclipseLogger - skip non existing resourceDirectory /home/alaverdo/Bureau/alaverdo/be-graphes-algos/src/test/resources
2021-05-25 19:06:58,285 [Worker-30: Launching MainWindow] INFO  o.e.m.c.i.p.WorkspaceClassifierResolverManager - Resolving P/be-graphes-model: org.insa.graphs:be-graphes-model:0.0.1-SNAPSHOT with classifier  to /be-graphes-model/target/classes
2021-05-25 19:06:58,285 [Worker-30: Launching MainWindow] INFO  o.e.m.c.i.p.WorkspaceClassifierResolverManager - Resolving P/be-graphes-algos: org.insa.graphs:be-graphes-algos:0.0.1-SNAPSHOT with classifier  to /be-graphes-algos/target/classes
2021-05-25 19:06:58,365 [Worker-30: Launching MainWindow] INFO  o.e.m.c.i.p.WorkspaceClassifierResolverManager - Resolving P/be-graphes-model: org.insa.graphs:be-graphes-model:0.0.1-SNAPSHOT with classifier null to /be-graphes-model/target/classes
2021-05-25 19:06:58,367 [Worker-30: Launching MainWindow] INFO  o.e.m.c.i.p.WorkspaceClassifierResolverManager - Resolving P/be-graphes-algos: org.insa.graphs:be-graphes-algos:0.0.1-SNAPSHOT with classifier null to /be-graphes-algos/target/classes
2021-05-25 19:06:58,412 [Worker-30: Launching MainWindow] INFO  o.e.m.c.i.p.WorkspaceClassifierResolverManager - Resolving P/be-graphes-model: org.insa.graphs:be-graphes-model:0.0.1-SNAPSHOT with classifier null to /be-graphes-model/target/classes
2021-05-25 19:06:58,412 [Worker-30: Launching MainWindow] INFO  o.e.m.c.i.p.WorkspaceClassifierResolverManager - Resolving P/be-graphes-algos: org.insa.graphs:be-graphes-algos:0.0.1-SNAPSHOT with classifier null to /be-graphes-algos/target/classes
2021-05-25 19:06:58,439 [Worker-30: Launching MainWindow] INFO  o.e.m.c.i.p.WorkspaceClassifierResolverManager - Resolving P/be-graphes-model: org.insa.graphs:be-graphes-model:0.0.1-SNAPSHOT with classifier null to /be-graphes-model/target/classes
2021-05-25 19:06:58,440 [Worker-30: Launching MainWindow] INFO  o.e.m.c.i.p.WorkspaceClassifierResolverManager - Resolving P/be-graphes-algos: org.insa.graphs:be-graphes-algos:0.0.1-SNAPSHOT with classifier null to /be-graphes-algos/target/classes
2021-05-25 19:31:40,176 [Worker-31: Building] INFO  o.e.m.c.i.embedder.EclipseLogger - Using 'UTF-8' encoding to copy filtered resources.
2021-05-25 19:31:40,177 [Worker-31: Building] INFO  o.e.m.c.i.embedder.EclipseLogger - skip non existing resourceDirectory /home/alaverdo/Bureau/alaverdo/be-graphes-algos/src/main/resources
2021-05-25 19:31:40,179 [Worker-31: Building] INFO  o.e.m.c.i.embedder.EclipseLogger - Using 'UTF-8' encoding to copy filtered resources.
2021-05-25 19:31:40,179 [Worker-31: Building] INFO  o.e.m.c.i.embedder.EclipseLogger - skip non existing resourceDirectory /home/alaverdo/Bureau/alaverdo/be-graphes-algos/src/test/resources
2021-05-25 19:46:38,999 [Worker-41: Building Workspace] INFO  o.e.m.c.i.embedder.EclipseLogger - Using 'UTF-8' encoding to copy filtered resources.
2021-05-25 19:46:39,000 [Worker-41: Building Workspace] INFO  o.e.m.c.i.embedder.EclipseLogger - skip non existing resourceDirectory /home/alaverdo/Bureau/alaverdo/be-graphes-model/src/main/resources
2021-05-25 19:46:39,001 [Worker-41: Building Workspace] INFO  o.e.m.c.i.embedder.EclipseLogger - Using 'UTF-8' encoding to copy filtered resources.
2021-05-25 19:46:39,002 [Worker-41: Building Workspace] INFO  o.e.m.c.i.embedder.EclipseLogger - skip non existing resourceDirectory /home/alaverdo/Bureau/alaverdo/be-graphes-model/src/test/resources
2021-05-25 19:46:39,042 [Worker-41: Building Workspace] INFO  o.e.m.c.i.embedder.EclipseLogger - Using 'UTF-8' encoding to copy filtered resources.
2021-05-25 19:46:39,042 [Worker-41: Building Workspace] INFO  o.e.m.c.i.embedder.EclipseLogger - skip non existing resourceDirectory /home/alaverdo/Bureau/alaverdo/be-graphes-algos/src/main/resources
2021-05-25 19:46:39,044 [Worker-41: Building Workspace] INFO  o.e.m.c.i.embedder.EclipseLogger - Using 'UTF-8' encoding to copy filtered resources.
2021-05-25 19:46:39,044 [Worker-41: Building Workspace] INFO  o.e.m.c.i.embedder.EclipseLogger - skip non existing resourceDirectory /home/alaverdo/Bureau/alaverdo/be-graphes-algos/src/test/resources
2021-05-25 19:49:11,876 [Worker-36: Building] INFO  o.e.m.c.i.embedder.EclipseLogger - Using 'UTF-8' encoding to copy filtered resources.
2021-05-25 19:49:11,876 [Worker-36: Building] INFO  o.e.m.c.i.embedder.EclipseLogger - skip non existing resourceDirectory /home/alaverdo/Bureau/alaverdo/be-graphes-algos/src/main/resources
2021-05-25 19:49:11,878 [Worker-36: Building] INFO  o.e.m.c.i.embedder.EclipseLogger - Using 'UTF-8' encoding to copy filtered resources.
2021-05-25 19:49:11,878 [Worker-36: Building] INFO  o.e.m.c.i.embedder.EclipseLogger - skip non existing resourceDirectory /home/alaverdo/Bureau/alaverdo/be-graphes-algos/src/test/resources
2021-05-25 19:49:22,591 [Worker-35: Building] INFO  o.e.m.c.i.embedder.EclipseLogger - Using 'UTF-8' encoding to copy filtered resources.
2021-05-25 19:49:22,591 [Worker-35: Building] INFO  o.e.m.c.i.embedder.EclipseLogger - skip non existing resourceDirectory /home/alaverdo/Bureau/alaverdo/be-graphes-model/src/main/resources
2021-05-25 19:49:22,593 [Worker-35: Building] INFO  o.e.m.c.i.embedder.EclipseLogger - Using 'UTF-8' encoding to copy filtered resources.
2021-05-25 19:49:22,593 [Worker-35: Building] INFO  o.e.m.c.i.embedder.EclipseLogger - skip non existing resourceDirectory /home/alaverdo/Bureau/alaverdo/be-graphes-model/src/test/resources
2021-05-25 19:49:22,617 [Worker-35: Building] INFO  o.e.m.c.i.embedder.EclipseLogger - Using 'UTF-8' encoding to copy filtered resources.
2021-05-25 19:49:22,617 [Worker-35: Building] INFO  o.e.m.c.i.embedder.EclipseLogger - skip non existing resourceDirectory /home/alaverdo/Bureau/alaverdo/be-graphes-algos/src/main/resources
2021-05-25 19:49:22,619 [Worker-35: Building] INFO  o.e.m.c.i.embedder.EclipseLogger - Using 'UTF-8' encoding to copy filtered resources.
2021-05-25 19:49:22,619 [Worker-35: Building] INFO  o.e.m.c.i.embedder.EclipseLogger - skip non existing resourceDirectory /home/alaverdo/Bureau/alaverdo/be-graphes-algos/src/test/resources
2021-05-25 19:50:03,968 [Worker-36: Launching MainWindow] INFO  o.e.m.c.i.p.WorkspaceClassifierResolverManager - Resolving P/be-graphes-model: org.insa.graphs:be-graphes-model:0.0.1-SNAPSHOT with classifier null to /be-graphes-model/target/classes
2021-05-25 19:50:03,968 [Worker-36: Launching MainWindow] INFO  o.e.m.c.i.p.WorkspaceClassifierResolverManager - Resolving P/be-graphes-algos: org.insa.graphs:be-graphes-algos:0.0.1-SNAPSHOT with classifier null to /be-graphes-algos/target/classes
2021-05-25 19:50:03,984 [Worker-36: Launching MainWindow] INFO  o.e.m.c.i.p.WorkspaceClassifierResolverManager - Resolving P/be-graphes-model: org.insa.graphs:be-graphes-model:0.0.1-SNAPSHOT with classifier null to /be-graphes-model/target/classes
2021-05-25 19:50:03,984 [Worker-36: Launching MainWindow] INFO  o.e.m.c.i.p.WorkspaceClassifierResolverManager - Resolving P/be-graphes-algos: org.insa.graphs:be-graphes-algos:0.0.1-SNAPSHOT with classifier null to /be-graphes-algos/target/classes
2021-05-25 19:50:03,999 [Worker-36: Launching MainWindow] INFO  o.e.m.c.i.p.WorkspaceClassifierResolverManager - Resolving P/be-graphes-model: org.insa.graphs:be-graphes-model:0.0.1-SNAPSHOT with classifier null to /be-graphes-model/target/classes
2021-05-25 19:50:03,999 [Worker-36: Launching MainWindow] INFO  o.e.m.c.i.p.WorkspaceClassifierResolverManager - Resolving P/be-graphes-algos: org.insa.graphs:be-graphes-algos:0.0.1-SNAPSHOT with classifier null to /be-graphes-algos/target/classes
2021-05-25 19:51:33,416 [Worker-36: Building] INFO  o.e.m.c.i.embedder.EclipseLogger - Using 'UTF-8' encoding to copy filtered resources.
2021-05-25 19:51:33,416 [Worker-36: Building] INFO  o.e.m.c.i.embedder.EclipseLogger - skip non existing resourceDirectory /home/alaverdo/Bureau/alaverdo/be-graphes-algos/src/main/resources
2021-05-25 19:51:33,418 [Worker-36: Building] INFO  o.e.m.c.i.embedder.EclipseLogger - Using 'UTF-8' encoding to copy filtered resources.
2021-05-25 19:51:33,418 [Worker-36: Building] INFO  o.e.m.c.i.embedder.EclipseLogger - skip non existing resourceDirectory /home/alaverdo/Bureau/alaverdo/be-graphes-algos/src/test/resources
2021-05-25 19:52:17,601 [Worker-38: Building] INFO  o.e.m.c.i.embedder.EclipseLogger - Using 'UTF-8' encoding to copy filtered resources.
2021-05-25 19:52:17,602 [Worker-38: Building] INFO  o.e.m.c.i.embedder.EclipseLogger - skip non existing resourceDirectory /home/alaverdo/Bureau/alaverdo/be-graphes-algos/src/main/resources
2021-05-25 19:52:17,603 [Worker-38: Building] INFO  o.e.m.c.i.embedder.EclipseLogger - Using 'UTF-8' encoding to copy filtered resources.
2021-05-25 19:52:17,604 [Worker-38: Building] INFO  o.e.m.c.i.embedder.EclipseLogger - skip non existing resourceDirectory /home/alaverdo/Bureau/alaverdo/be-graphes-algos/src/test/resources
2021-05-26 13:04:42,739 [Worker-0: Loading available Gradle versions] INFO  o.e.b.c.i.u.g.PublishedGradleVersions - Gradle version information cache is up-to-date. Trying to read.
2021-05-26 13:05:10,703 [Worker-19: Launching MainWindow] INFO  o.e.m.c.i.p.WorkspaceClassifierResolverManager - Resolving P/be-graphes-model: org.insa.graphs:be-graphes-model:0.0.1-SNAPSHOT with classifier  to /be-graphes-model/target/classes
2021-05-26 13:05:10,708 [Worker-19: Launching MainWindow] INFO  o.e.m.c.i.p.WorkspaceClassifierResolverManager - Resolving P/be-graphes-algos: org.insa.graphs:be-graphes-algos:0.0.1-SNAPSHOT with classifier  to /be-graphes-algos/target/classes
2021-05-26 13:05:10,797 [Worker-19: Launching MainWindow] INFO  o.e.m.c.i.p.WorkspaceClassifierResolverManager - Resolving P/be-graphes-model: org.insa.graphs:be-graphes-model:0.0.1-SNAPSHOT with classifier null to /be-graphes-model/target/classes
2021-05-26 13:05:10,797 [Worker-19: Launching MainWindow] INFO  o.e.m.c.i.p.WorkspaceClassifierResolverManager - Resolving P/be-graphes-algos: org.insa.graphs:be-graphes-algos:0.0.1-SNAPSHOT with classifier null to /be-graphes-algos/target/classes
2021-05-26 13:05:10,837 [Worker-19: Launching MainWindow] INFO  o.e.m.c.i.p.WorkspaceClassifierResolverManager - Resolving P/be-graphes-model: org.insa.graphs:be-graphes-model:0.0.1-SNAPSHOT with classifier null to /be-graphes-model/target/classes
2021-05-26 13:05:10,838 [Worker-19: Launching MainWindow] INFO  o.e.m.c.i.p.WorkspaceClassifierResolverManager - Resolving P/be-graphes-algos: org.insa.graphs:be-graphes-algos:0.0.1-SNAPSHOT with classifier null to /be-graphes-algos/target/classes
2021-05-26 13:05:10,858 [Worker-19: Launching MainWindow] INFO  o.e.m.c.i.p.WorkspaceClassifierResolverManager - Resolving P/be-graphes-model: org.insa.graphs:be-graphes-model:0.0.1-SNAPSHOT with classifier null to /be-graphes-model/target/classes
2021-05-26 13:05:10,858 [Worker-19: Launching MainWindow] INFO  o.e.m.c.i.p.WorkspaceClassifierResolverManager - Resolving P/be-graphes-algos: org.insa.graphs:be-graphes-algos:0.0.1-SNAPSHOT with classifier null to /be-graphes-algos/target/classes
2021-05-26 13:09:57,061 [Worker-0: Building] INFO  o.e.m.c.i.embedder.EclipseLogger - Using 'UTF-8' encoding to copy filtered resources.
2021-05-26 13:09:57,062 [Worker-0: Building] INFO  o.e.m.c.i.embedder.EclipseLogger - skip non existing resourceDirectory /home/alaverdo/Bureau/alaverdo/be-graphes-model/src/main/resources
2021-05-26 13:09:57,063 [Worker-0: Building] INFO  o.e.m.c.i.embedder.EclipseLogger - Using 'UTF-8' encoding to copy filtered resources.
2021-05-26 13:09:57,064 [Worker-0: Building] INFO  o.e.m.c.i.embedder.EclipseLogger - skip non existing resourceDirectory /home/alaverdo/Bureau/alaverdo/be-graphes-model/src/test/resources
2021-05-26 13:26:48,315 [Worker-19: Building] INFO  o.e.m.c.i.embedder.EclipseLogger - Using 'UTF-8' encoding to copy filtered resources.
2021-05-26 13:26:48,316 [Worker-19: Building] INFO  o.e.m.c.i.embedder.EclipseLogger - skip non existing resourceDirectory /home/alaverdo/Bureau/alaverdo/be-graphes-model/src/main/resources
2021-05-26 13:26:48,319 [Worker-19: Building] INFO  o.e.m.c.i.embedder.EclipseLogger - Using 'UTF-8' encoding to copy filtered resources.
2021-05-26 13:26:48,321 [Worker-19: Building] INFO  o.e.m.c.i.embedder.EclipseLogger - skip non existing resourceDirectory /home/alaverdo/Bureau/alaverdo/be-graphes-model/src/test/resources
2021-05-26 13:26:48,395 [Worker-19: Building] INFO  o.e.m.c.i.p.WorkspaceClassifierResolverManager - Resolving P/be-graphes-model: org.insa.graphs:be-graphes-model:0.0.1-SNAPSHOT with classifier  to /be-graphes-model/target/classes
2021-05-26 13:26:48,403 [Worker-19: Building] INFO  o.e.m.c.i.embedder.EclipseLogger - Using 'UTF-8' encoding to copy filtered resources.
2021-05-26 13:26:48,405 [Worker-19: Building] INFO  o.e.m.c.i.embedder.EclipseLogger - skip non existing resourceDirectory /home/alaverdo/Bureau/alaverdo/be-graphes-algos/src/main/resources
2021-05-26 13:26:48,407 [Worker-19: Building] INFO  o.e.m.c.i.embedder.EclipseLogger - Using 'UTF-8' encoding to copy filtered resources.
2021-05-26 13:26:48,408 [Worker-19: Building] INFO  o.e.m.c.i.embedder.EclipseLogger - skip non existing resourceDirectory /home/alaverdo/Bureau/alaverdo/be-graphes-algos/src/test/resources
2021-05-26 13:26:48,528 [Worker-19: Building] INFO  o.e.m.c.i.embedder.EclipseLogger - Using 'UTF-8' encoding to copy filtered resources.
2021-05-26 13:26:48,534 [Worker-19: Building] INFO  o.e.m.c.i.embedder.EclipseLogger - Copying 5 resources
2021-05-26 13:26:48,546 [Worker-19: Building] INFO  o.e.m.c.i.embedder.EclipseLogger - Using 'UTF-8' encoding to copy filtered resources.
2021-05-26 13:26:48,547 [Worker-19: Building] INFO  o.e.m.c.i.embedder.EclipseLogger - skip non existing resourceDirectory /home/alaverdo/Bureau/alaverdo/be-graphes-gui/src/test/resources
2021-05-26 13:37:53,822 [Worker-31: Building] INFO  o.e.m.c.i.embedder.EclipseLogger - Using 'UTF-8' encoding to copy filtered resources.
2021-05-26 13:37:53,823 [Worker-31: Building] INFO  o.e.m.c.i.embedder.EclipseLogger - skip non existing resourceDirectory /home/alaverdo/Bureau/alaverdo/be-graphes-model/src/main/resources
2021-05-26 13:37:53,824 [Worker-31: Building] INFO  o.e.m.c.i.embedder.EclipseLogger - Using 'UTF-8' encoding to copy filtered resources.
2021-05-26 13:37:53,824 [Worker-31: Building] INFO  o.e.m.c.i.embedder.EclipseLogger - skip non existing resourceDirectory /home/alaverdo/Bureau/alaverdo/be-graphes-model/src/test/resources
2021-05-26 13:38:00,396 [Worker-33: Launching MainWindow] INFO  o.e.m.c.i.p.WorkspaceClassifierResolverManager - Resolving P/be-graphes-model: org.insa.graphs:be-graphes-model:0.0.1-SNAPSHOT with classifier null to /be-graphes-model/target/classes
2021-05-26 13:38:00,396 [Worker-33: Launching MainWindow] INFO  o.e.m.c.i.p.WorkspaceClassifierResolverManager - Resolving P/be-graphes-algos: org.insa.graphs:be-graphes-algos:0.0.1-SNAPSHOT with classifier null to /be-graphes-algos/target/classes
2021-05-26 13:38:00,423 [Worker-33: Launching MainWindow] INFO  o.e.m.c.i.p.WorkspaceClassifierResolverManager - Resolving P/be-graphes-model: org.insa.graphs:be-graphes-model:0.0.1-SNAPSHOT with classifier null to /be-graphes-model/target/classes
2021-05-26 13:38:00,423 [Worker-33: Launching MainWindow] INFO  o.e.m.c.i.p.WorkspaceClassifierResolverManager - Resolving P/be-graphes-algos: org.insa.graphs:be-graphes-algos:0.0.1-SNAPSHOT with classifier null to /be-graphes-algos/target/classes
2021-05-26 13:38:00,442 [Worker-33: Launching MainWindow] INFO  o.e.m.c.i.p.WorkspaceClassifierResolverManager - Resolving P/be-graphes-model: org.insa.graphs:be-graphes-model:0.0.1-SNAPSHOT with classifier null to /be-graphes-model/target/classes
2021-05-26 13:38:00,443 [Worker-33: Launching MainWindow] INFO  o.e.m.c.i.p.WorkspaceClassifierResolverManager - Resolving P/be-graphes-algos: org.insa.graphs:be-graphes-algos:0.0.1-SNAPSHOT with classifier null to /be-graphes-algos/target/classes
2021-05-26 13:41:24,769 [Worker-32: Building] INFO  o.e.m.c.i.embedder.EclipseLogger - Using 'UTF-8' encoding to copy filtered resources.
2021-05-26 13:41:24,770 [Worker-32: Building] INFO  o.e.m.c.i.embedder.EclipseLogger - skip non existing resourceDirectory /home/alaverdo/Bureau/alaverdo/be-graphes-algos/src/main/resources
2021-05-26 13:41:24,772 [Worker-32: Building] INFO  o.e.m.c.i.embedder.EclipseLogger - Using 'UTF-8' encoding to copy filtered resources.
2021-05-26 13:41:24,772 [Worker-32: Building] INFO  o.e.m.c.i.embedder.EclipseLogger - skip non existing resourceDirectory /home/alaverdo/Bureau/alaverdo/be-graphes-algos/src/test/resources
2021-05-26 13:41:32,671 [Worker-31: Launching MainWindow] INFO  o.e.m.c.i.p.WorkspaceClassifierResolverManager - Resolving P/be-graphes-model: org.insa.graphs:be-graphes-model:0.0.1-SNAPSHOT with classifier null to /be-graphes-model/target/classes
2021-05-26 13:41:32,671 [Worker-31: Launching MainWindow] INFO  o.e.m.c.i.p.WorkspaceClassifierResolverManager - Resolving P/be-graphes-algos: org.insa.graphs:be-graphes-algos:0.0.1-SNAPSHOT with classifier null to /be-graphes-algos/target/classes
2021-05-26 13:41:32,689 [Worker-31: Launching MainWindow] INFO  o.e.m.c.i.p.WorkspaceClassifierResolverManager - Resolving P/be-graphes-model: org.insa.graphs:be-graphes-model:0.0.1-SNAPSHOT with classifier null to /be-graphes-model/target/classes
2021-05-26 13:41:32,690 [Worker-31: Launching MainWindow] INFO  o.e.m.c.i.p.WorkspaceClassifierResolverManager - Resolving P/be-graphes-algos: org.insa.graphs:be-graphes-algos:0.0.1-SNAPSHOT with classifier null to /be-graphes-algos/target/classes
2021-05-26 13:41:32,706 [Worker-31: Launching MainWindow] INFO  o.e.m.c.i.p.WorkspaceClassifierResolverManager - Resolving P/be-graphes-model: org.insa.graphs:be-graphes-model:0.0.1-SNAPSHOT with classifier null to /be-graphes-model/target/classes
2021-05-26 13:41:32,706 [Worker-31: Launching MainWindow] INFO  o.e.m.c.i.p.WorkspaceClassifierResolverManager - Resolving P/be-graphes-algos: org.insa.graphs:be-graphes-algos:0.0.1-SNAPSHOT with classifier null to /be-graphes-algos/target/classes
2021-05-26 13:48:53,426 [Worker-34: Building] INFO  o.e.m.c.i.embedder.EclipseLogger - Using 'UTF-8' encoding to copy filtered resources.
2021-05-26 13:48:53,427 [Worker-34: Building] INFO  o.e.m.c.i.embedder.EclipseLogger - skip non existing resourceDirectory /home/alaverdo/Bureau/alaverdo/be-graphes-algos/src/main/resources
2021-05-26 13:48:53,428 [Worker-34: Building] INFO  o.e.m.c.i.embedder.EclipseLogger - Using 'UTF-8' encoding to copy filtered resources.
2021-05-26 13:48:53,430 [Worker-34: Building] INFO  o.e.m.c.i.embedder.EclipseLogger - skip non existing resourceDirectory /home/alaverdo/Bureau/alaverdo/be-graphes-algos/src/test/resources
2021-05-26 13:48:56,367 [Worker-32: Building] INFO  o.e.m.c.i.embedder.EclipseLogger - Using 'UTF-8' encoding to copy filtered resources.
2021-05-26 13:48:56,368 [Worker-32: Building] INFO  o.e.m.c.i.embedder.EclipseLogger - skip non existing resourceDirectory /home/alaverdo/Bureau/alaverdo/be-graphes-model/src/main/resources
2021-05-26 13:48:56,373 [Worker-32: Building] INFO  o.e.m.c.i.embedder.EclipseLogger - Using 'UTF-8' encoding to copy filtered resources.
2021-05-26 13:48:56,374 [Worker-32: Building] INFO  o.e.m.c.i.embedder.EclipseLogger - skip non existing resourceDirectory /home/alaverdo/Bureau/alaverdo/be-graphes-model/src/test/resources
2021-05-26 13:49:20,649 [Worker-33: Building] INFO  o.e.m.c.i.embedder.EclipseLogger - Using 'UTF-8' encoding to copy filtered resources.
2021-05-26 13:49:20,649 [Worker-33: Building] INFO  o.e.m.c.i.embedder.EclipseLogger - skip non existing resourceDirectory /home/alaverdo/Bureau/alaverdo/be-graphes-model/src/main/resources
2021-05-26 13:49:20,651 [Worker-33: Building] INFO  o.e.m.c.i.embedder.EclipseLogger - Using 'UTF-8' encoding to copy filtered resources.
2021-05-26 13:49:20,652 [Worker-33: Building] INFO  o.e.m.c.i.embedder.EclipseLogger - skip non existing resourceDirectory /home/alaverdo/Bureau/alaverdo/be-graphes-model/src/test/resources
2021-05-26 13:50:37,651 [Worker-22: Building] INFO  o.e.m.c.i.embedder.EclipseLogger - Using 'UTF-8' encoding to copy filtered resources.
2021-05-26 13:50:37,652 [Worker-22: Building] INFO  o.e.m.c.i.embedder.EclipseLogger - skip non existing resourceDirectory /home/alaverdo/Bureau/alaverdo/be-graphes-algos/src/main/resources
2021-05-26 13:50:37,653 [Worker-22: Building] INFO  o.e.m.c.i.embedder.EclipseLogger - Using 'UTF-8' encoding to copy filtered resources.
2021-05-26 13:50:37,653 [Worker-22: Building] INFO  o.e.m.c.i.embedder.EclipseLogger - skip non existing resourceDirectory /home/alaverdo/Bureau/alaverdo/be-graphes-algos/src/test/resources
2021-05-26 13:50:46,338 [Worker-33: Launching MainWindow] INFO  o.e.m.c.i.p.WorkspaceClassifierResolverManager - Resolving P/be-graphes-model: org.insa.graphs:be-graphes-model:0.0.1-SNAPSHOT with classifier null to /be-graphes-model/target/classes
2021-05-26 13:50:46,338 [Worker-33: Launching MainWindow] INFO  o.e.m.c.i.p.WorkspaceClassifierResolverManager - Resolving P/be-graphes-algos: org.insa.graphs:be-graphes-algos:0.0.1-SNAPSHOT with classifier null to /be-graphes-algos/target/classes
2021-05-26 13:50:46,353 [Worker-33: Launching MainWindow] INFO  o.e.m.c.i.p.WorkspaceClassifierResolverManager - Resolving P/be-graphes-model: org.insa.graphs:be-graphes-model:0.0.1-SNAPSHOT with classifier null to /be-graphes-model/target/classes
2021-05-26 13:50:46,354 [Worker-33: Launching MainWindow] INFO  o.e.m.c.i.p.WorkspaceClassifierResolverManager - Resolving P/be-graphes-algos: org.insa.graphs:be-graphes-algos:0.0.1-SNAPSHOT with classifier null to /be-graphes-algos/target/classes
2021-05-26 13:50:46,373 [Worker-33: Launching MainWindow] INFO  o.e.m.c.i.p.WorkspaceClassifierResolverManager - Resolving P/be-graphes-model: org.insa.graphs:be-graphes-model:0.0.1-SNAPSHOT with classifier null to /be-graphes-model/target/classes
2021-05-26 13:50:46,373 [Worker-33: Launching MainWindow] INFO  o.e.m.c.i.p.WorkspaceClassifierResolverManager - Resolving P/be-graphes-algos: org.insa.graphs:be-graphes-algos:0.0.1-SNAPSHOT with classifier null to /be-graphes-algos/target/classes
2021-05-26 13:52:40,070 [Worker-22: Building] INFO  o.e.m.c.i.embedder.EclipseLogger - Using 'UTF-8' encoding to copy filtered resources.
2021-05-26 13:52:40,070 [Worker-22: Building] INFO  o.e.m.c.i.embedder.EclipseLogger - skip non existing resourceDirectory /home/alaverdo/Bureau/alaverdo/be-graphes-model/src/main/resources
2021-05-26 13:52:40,071 [Worker-22: Building] INFO  o.e.m.c.i.embedder.EclipseLogger - Using 'UTF-8' encoding to copy filtered resources.
2021-05-26 13:52:40,071 [Worker-22: Building] INFO  o.e.m.c.i.embedder.EclipseLogger - skip non existing resourceDirectory /home/alaverdo/Bureau/alaverdo/be-graphes-model/src/test/resources
2021-05-26 13:59:21,244 [Worker-22: Building] INFO  o.e.m.c.i.embedder.EclipseLogger - Using 'UTF-8' encoding to copy filtered resources.
2021-05-26 13:59:21,245 [Worker-22: Building] INFO  o.e.m.c.i.embedder.EclipseLogger - skip non existing resourceDirectory /home/alaverdo/Bureau/alaverdo/be-graphes-model/src/main/resources
2021-05-26 13:59:21,250 [Worker-22: Building] INFO  o.e.m.c.i.embedder.EclipseLogger - Using 'UTF-8' encoding to copy filtered resources.
2021-05-26 13:59:21,251 [Worker-22: Building] INFO  o.e.m.c.i.embedder.EclipseLogger - skip non existing resourceDirectory /home/alaverdo/Bureau/alaverdo/be-graphes-model/src/test/resources
2021-05-26 13:59:24,659 [Worker-33: Launching MainWindow] INFO  o.e.m.c.i.p.WorkspaceClassifierResolverManager - Resolving P/be-graphes-model: org.insa.graphs:be-graphes-model:0.0.1-SNAPSHOT with classifier null to /be-graphes-model/target/classes
2021-05-26 13:59:24,659 [Worker-33: Launching MainWindow] INFO  o.e.m.c.i.p.WorkspaceClassifierResolverManager - Resolving P/be-graphes-algos: org.insa.graphs:be-graphes-algos:0.0.1-SNAPSHOT with classifier null to /be-graphes-algos/target/classes
2021-05-26 13:59:24,676 [Worker-33: Launching MainWindow] INFO  o.e.m.c.i.p.WorkspaceClassifierResolverManager - Resolving P/be-graphes-model: org.insa.graphs:be-graphes-model:0.0.1-SNAPSHOT with classifier null to /be-graphes-model/target/classes
2021-05-26 13:59:24,676 [Worker-33: Launching MainWindow] INFO  o.e.m.c.i.p.WorkspaceClassifierResolverManager - Resolving P/be-graphes-algos: org.insa.graphs:be-graphes-algos:0.0.1-SNAPSHOT with classifier null to /be-graphes-algos/target/classes
2021-05-26 13:59:24,689 [Worker-33: Launching MainWindow] INFO  o.e.m.c.i.p.WorkspaceClassifierResolverManager - Resolving P/be-graphes-model: org.insa.graphs:be-graphes-model:0.0.1-SNAPSHOT with classifier null to /be-graphes-model/target/classes
2021-05-26 13:59:24,690 [Worker-33: Launching MainWindow] INFO  o.e.m.c.i.p.WorkspaceClassifierResolverManager - Resolving P/be-graphes-algos: org.insa.graphs:be-graphes-algos:0.0.1-SNAPSHOT with classifier null to /be-graphes-algos/target/classes
2021-05-26 14:00:56,004 [Worker-33: Launching org.insa.graphs.algorithm.utils] INFO  o.e.m.c.i.p.WorkspaceClassifierResolverManager - Resolving P/be-graphes-model: org.insa.graphs:be-graphes-model:0.0.1-SNAPSHOT with classifier null to /be-graphes-model/target/classes
2021-05-26 14:00:56,078 [Worker-33: Launching org.insa.graphs.algorithm.utils] INFO  o.e.m.c.i.p.WorkspaceClassifierResolverManager - Resolving P/be-graphes-model: org.insa.graphs:be-graphes-model:0.0.1-SNAPSHOT with classifier null to /be-graphes-model/target/classes
2021-05-26 14:01:02,755 [Worker-36: Launching be-graphes-algos] INFO  o.e.m.c.i.p.WorkspaceClassifierResolverManager - Resolving P/be-graphes-model: org.insa.graphs:be-graphes-model:0.0.1-SNAPSHOT with classifier null to /be-graphes-model/target/classes
2021-05-26 14:01:02,784 [Worker-36: Launching be-graphes-algos] INFO  o.e.m.c.i.p.WorkspaceClassifierResolverManager - Resolving P/be-graphes-model: org.insa.graphs:be-graphes-model:0.0.1-SNAPSHOT with classifier null to /be-graphes-model/target/classes
2021-05-26 14:02:39,983 [Worker-35: Building] INFO  o.e.m.c.i.embedder.EclipseLogger - Using 'UTF-8' encoding to copy filtered resources.
2021-05-26 14:02:39,983 [Worker-35: Building] INFO  o.e.m.c.i.embedder.EclipseLogger - skip non existing resourceDirectory /home/alaverdo/Bureau/alaverdo/be-graphes-algos/src/main/resources
2021-05-26 14:02:39,985 [Worker-35: Building] INFO  o.e.m.c.i.embedder.EclipseLogger - Using 'UTF-8' encoding to copy filtered resources.
2021-05-26 14:02:39,986 [Worker-35: Building] INFO  o.e.m.c.i.embedder.EclipseLogger - skip non existing resourceDirectory /home/alaverdo/Bureau/alaverdo/be-graphes-algos/src/test/resources
2021-05-26 14:07:44,198 [Worker-39: Building] INFO  o.e.m.c.i.embedder.EclipseLogger - Using 'UTF-8' encoding to copy filtered resources.
2021-05-26 14:07:44,198 [Worker-39: Building] INFO  o.e.m.c.i.embedder.EclipseLogger - skip non existing resourceDirectory /home/alaverdo/Bureau/alaverdo/be-graphes-algos/src/main/resources
2021-05-26 14:07:44,200 [Worker-39: Building] INFO  o.e.m.c.i.embedder.EclipseLogger - Using 'UTF-8' encoding to copy filtered resources.
2021-05-26 14:07:44,201 [Worker-39: Building] INFO  o.e.m.c.i.embedder.EclipseLogger - skip non existing resourceDirectory /home/alaverdo/Bureau/alaverdo/be-graphes-algos/src/test/resources
2021-05-26 14:24:55,819 [Worker-41: Launching be-graphes-algos] INFO  o.e.m.c.i.p.WorkspaceClassifierResolverManager - Resolving P/be-graphes-model: org.insa.graphs:be-graphes-model:0.0.1-SNAPSHOT with classifier null to /be-graphes-model/target/classes
2021-05-26 14:24:55,839 [Worker-41: Launching be-graphes-algos] INFO  o.e.m.c.i.p.WorkspaceClassifierResolverManager - Resolving P/be-graphes-model: org.insa.graphs:be-graphes-model:0.0.1-SNAPSHOT with classifier null to /be-graphes-model/target/classes
2021-05-26 14:28:18,556 [Worker-33: Launching be-graphes-gui] INFO  o.e.m.c.i.embedder.EclipseLogger - Using 'UTF-8' encoding to copy filtered resources.
2021-05-26 14:28:18,557 [Worker-33: Launching be-graphes-gui] INFO  o.e.m.c.i.embedder.EclipseLogger - skip non existing resourceDirectory /home/alaverdo/Bureau/alaverdo/be-graphes-algos/src/main/resources
2021-05-26 14:28:18,558 [Worker-33: Launching be-graphes-gui] INFO  o.e.m.c.i.embedder.EclipseLogger - Using 'UTF-8' encoding to copy filtered resources.
2021-05-26 14:28:18,558 [Worker-33: Launching be-graphes-gui] INFO  o.e.m.c.i.embedder.EclipseLogger - skip non existing resourceDirectory /home/alaverdo/Bureau/alaverdo/be-graphes-algos/src/test/resources
2021-05-26 14:28:31,208 [Worker-38: Building] INFO  o.e.m.c.i.embedder.EclipseLogger - Using 'UTF-8' encoding to copy filtered resources.
2021-05-26 14:28:31,208 [Worker-38: Building] INFO  o.e.m.c.i.embedder.EclipseLogger - skip non existing resourceDirectory /home/alaverdo/Bureau/alaverdo/be-graphes-algos/src/main/resources
2021-05-26 14:28:31,209 [Worker-38: Building] INFO  o.e.m.c.i.embedder.EclipseLogger - Using 'UTF-8' encoding to copy filtered resources.
2021-05-26 14:28:31,209 [Worker-38: Building] INFO  o.e.m.c.i.embedder.EclipseLogger - skip non existing resourceDirectory /home/alaverdo/Bureau/alaverdo/be-graphes-algos/src/test/resources
2021-05-26 14:28:52,416 [Worker-43: Building] INFO  o.e.m.c.i.embedder.EclipseLogger - Using 'UTF-8' encoding to copy filtered resources.
2021-05-26 14:28:52,416 [Worker-43: Building] INFO  o.e.m.c.i.embedder.EclipseLogger - skip non existing resourceDirectory /home/alaverdo/Bureau/alaverdo/be-graphes-algos/src/main/resources
2021-05-26 14:28:52,417 [Worker-43: Building] INFO  o.e.m.c.i.embedder.EclipseLogger - Using 'UTF-8' encoding to copy filtered resources.
2021-05-26 14:28:52,417 [Worker-43: Building] INFO  o.e.m.c.i.embedder.EclipseLogger - skip non existing resourceDirectory /home/alaverdo/Bureau/alaverdo/be-graphes-algos/src/test/resources
2021-05-26 14:29:06,288 [Worker-43: Launching MainWindow] INFO  o.e.m.c.i.p.WorkspaceClassifierResolverManager - Resolving P/be-graphes-model: org.insa.graphs:be-graphes-model:0.0.1-SNAPSHOT with classifier null to /be-graphes-model/target/classes
2021-05-26 14:29:06,288 [Worker-43: Launching MainWindow] INFO  o.e.m.c.i.p.WorkspaceClassifierResolverManager - Resolving P/be-graphes-algos: org.insa.graphs:be-graphes-algos:0.0.1-SNAPSHOT with classifier null to /be-graphes-algos/target/classes
2021-05-26 14:29:06,302 [Worker-43: Launching MainWindow] INFO  o.e.m.c.i.p.WorkspaceClassifierResolverManager - Resolving P/be-graphes-model: org.insa.graphs:be-graphes-model:0.0.1-SNAPSHOT with classifier null to /be-graphes-model/target/classes
2021-05-26 14:29:06,302 [Worker-43: Launching MainWindow] INFO  o.e.m.c.i.p.WorkspaceClassifierResolverManager - Resolving P/be-graphes-algos: org.insa.graphs:be-graphes-algos:0.0.1-SNAPSHOT with classifier null to /be-graphes-algos/target/classes
2021-05-26 14:29:06,316 [Worker-43: Launching MainWindow] INFO  o.e.m.c.i.p.WorkspaceClassifierResolverManager - Resolving P/be-graphes-model: org.insa.graphs:be-graphes-model:0.0.1-SNAPSHOT with classifier null to /be-graphes-model/target/classes
2021-05-26 14:29:06,317 [Worker-43: Launching MainWindow] INFO  o.e.m.c.i.p.WorkspaceClassifierResolverManager - Resolving P/be-graphes-algos: org.insa.graphs:be-graphes-algos:0.0.1-SNAPSHOT with classifier null to /be-graphes-algos/target/classes
